mode: set
github.com/desfpc/Wishez_DB/db.go:13.14,16.2 2 1
github.com/desfpc/Wishez_DB/db.go:19.60,21.16 1 1
github.com/desfpc/Wishez_DB/db.go:25.2,25.22 1 1
github.com/desfpc/Wishez_DB/db.go:28.2,28.26 1 1
github.com/desfpc/Wishez_DB/db.go:32.2,33.16 2 1
github.com/desfpc/Wishez_DB/db.go:41.2,41.12 1 1
github.com/desfpc/Wishez_DB/db.go:21.16,23.3 1 1
github.com/desfpc/Wishez_DB/db.go:25.22,27.3 1 1
github.com/desfpc/Wishez_DB/db.go:28.26,30.3 1 1
github.com/desfpc/Wishez_DB/db.go:33.16,35.3 1 0
github.com/desfpc/Wishez_DB/db.go:35.8,40.3 4 1
github.com/desfpc/Wishez_DB/db.go:45.45,46.17 1 1
github.com/desfpc/Wishez_DB/db.go:49.2,49.18 1 1
github.com/desfpc/Wishez_DB/db.go:53.2,53.14 1 1
github.com/desfpc/Wishez_DB/db.go:46.17,48.3 1 1
github.com/desfpc/Wishez_DB/db.go:49.18,52.3 2 1
github.com/desfpc/Wishez_Group/group.go:15.14,17.2 1 1
github.com/desfpc/Wishez_Group/group.go:20.96,26.21 4 0
github.com/desfpc/Wishez_Group/group.go:47.2,47.24 1 0
github.com/desfpc/Wishez_Group/group.go:27.16,28.39 1 0
github.com/desfpc/Wishez_Group/group.go:29.17,30.35 1 0
github.com/desfpc/Wishez_Group/group.go:31.20,32.38 1 0
github.com/desfpc/Wishez_Group/group.go:33.18,34.39 1 0
github.com/desfpc/Wishez_Group/group.go:35.16,36.39 1 0
github.com/desfpc/Wishez_Group/group.go:37.14,38.37 1 0
github.com/desfpc/Wishez_Group/group.go:39.14,40.40 1 0
github.com/desfpc/Wishez_Group/group.go:41.13,42.36 1 0
github.com/desfpc/Wishez_Group/group.go:43.10,44.43 1 0
github.com/desfpc/Wishez_Group/group.go:51.100,54.12 3 1
github.com/desfpc/Wishez_Group/group.go:58.2,58.34 1 1
github.com/desfpc/Wishez_Group/group.go:61.2,62.29 2 0
github.com/desfpc/Wishez_Group/group.go:54.12,57.3 2 0
github.com/desfpc/Wishez_Group/group.go:58.34,60.3 1 1
github.com/desfpc/Wishez_Group/group.go:66.95,69.12 3 1
github.com/desfpc/Wishez_Group/group.go:73.2,73.29 1 1
github.com/desfpc/Wishez_Group/group.go:76.2,77.29 2 0
github.com/desfpc/Wishez_Group/group.go:69.12,72.3 2 0
github.com/desfpc/Wishez_Group/group.go:73.29,75.3 1 1
github.com/desfpc/Wishez_Group/group.go:81.62,90.21 6 1
github.com/desfpc/Wishez_Group/group.go:97.2,97.16 1 1
github.com/desfpc/Wishez_Group/group.go:100.2,100.20 1 1
github.com/desfpc/Wishez_Group/group.go:90.21,95.3 3 1
github.com/desfpc/Wishez_Group/group.go:97.16,99.3 1 0
github.com/desfpc/Wishez_Group/group.go:104.63,105.32 1 1
github.com/desfpc/Wishez_Group/group.go:109.2,114.15 5 0
github.com/desfpc/Wishez_Group/group.go:118.2,118.14 1 0
github.com/desfpc/Wishez_Group/group.go:105.32,107.3 1 1
github.com/desfpc/Wishez_Group/group.go:114.15,116.3 1 0
github.com/desfpc/Wishez_Group/group.go:122.58,123.32 1 1
github.com/desfpc/Wishez_Group/group.go:127.2,132.15 5 0
github.com/desfpc/Wishez_Group/group.go:136.2,136.14 1 0
github.com/desfpc/Wishez_Group/group.go:123.32,125.3 1 1
github.com/desfpc/Wishez_Group/group.go:132.15,134.3 1 0
github.com/desfpc/Wishez_Group/group.go:140.65,141.22 1 1
github.com/desfpc/Wishez_Group/group.go:145.2,150.16 3 1
github.com/desfpc/Wishez_Group/group.go:154.2,154.13 1 1
github.com/desfpc/Wishez_Group/group.go:141.22,143.3 1 1
github.com/desfpc/Wishez_Group/group.go:150.16,152.3 1 0
github.com/desfpc/Wishez_Group/group.go:158.53,163.23 3 1
github.com/desfpc/Wishez_Group/group.go:172.2,172.13 1 1
github.com/desfpc/Wishez_Group/group.go:163.23,170.3 6 1
github.com/desfpc/Wishez_Group/group.go:182.94,187.19 3 1
github.com/desfpc/Wishez_Group/group.go:191.2,196.12 4 1
github.com/desfpc/Wishez_Group/group.go:201.2,204.21 3 1
github.com/desfpc/Wishez_Group/group.go:187.19,190.3 2 0
github.com/desfpc/Wishez_Group/group.go:196.12,198.3 1 0
github.com/desfpc/Wishez_Group/group.go:214.97,219.19 3 1
github.com/desfpc/Wishez_Group/group.go:223.2,228.12 4 1
github.com/desfpc/Wishez_Group/group.go:233.2,238.21 4 1
github.com/desfpc/Wishez_Group/group.go:249.2,249.21 1 1
github.com/desfpc/Wishez_Group/group.go:219.19,222.3 2 0
github.com/desfpc/Wishez_Group/group.go:228.12,230.3 1 0
github.com/desfpc/Wishez_Group/group.go:238.21,247.3 6 1
github.com/desfpc/Wishez_Group/group.go:261.98,268.12 5 1
github.com/desfpc/Wishez_Group/group.go:272.2,272.24 1 1
github.com/desfpc/Wishez_Group/group.go:277.2,287.24 6 1
github.com/desfpc/Wishez_Group/group.go:295.2,295.17 1 1
github.com/desfpc/Wishez_Group/group.go:299.2,305.21 5 1
github.com/desfpc/Wishez_Group/group.go:313.2,313.21 1 1
github.com/desfpc/Wishez_Group/group.go:268.12,270.3 1 0
github.com/desfpc/Wishez_Group/group.go:272.24,274.3 1 1
github.com/desfpc/Wishez_Group/group.go:287.24,289.3 1 1
github.com/desfpc/Wishez_Group/group.go:289.8,291.16 2 0
github.com/desfpc/Wishez_Group/group.go:291.16,293.4 1 0
github.com/desfpc/Wishez_Group/group.go:295.17,297.3 1 0
github.com/desfpc/Wishez_Group/group.go:305.21,311.3 5 1
github.com/desfpc/Wishez_Group/group.go:323.97,328.19 3 1
github.com/desfpc/Wishez_Group/group.go:332.2,337.12 4 1
github.com/desfpc/Wishez_Group/group.go:342.2,346.21 3 1
github.com/desfpc/Wishez_Group/group.go:328.19,331.3 2 0
github.com/desfpc/Wishez_Group/group.go:337.12,339.3 1 0
github.com/desfpc/Wishez_Group/group.go:357.96,364.19 5 1
github.com/desfpc/Wishez_Group/group.go:368.2,373.12 4 1
github.com/desfpc/Wishez_Group/group.go:378.2,380.12 3 1
github.com/desfpc/Wishez_Group/group.go:385.2,389.21 3 1
github.com/desfpc/Wishez_Group/group.go:364.19,367.3 2 0
github.com/desfpc/Wishez_Group/group.go:373.12,375.3 1 0
github.com/desfpc/Wishez_Group/group.go:380.12,382.3 1 0
github.com/desfpc/Wishez_Group/group.go:401.93,408.19 5 1
github.com/desfpc/Wishez_Group/group.go:412.2,417.12 4 1
github.com/desfpc/Wishez_Group/group.go:422.2,424.12 3 1
github.com/desfpc/Wishez_Group/group.go:429.2,431.12 3 1
github.com/desfpc/Wishez_Group/group.go:436.2,442.16 6 1
github.com/desfpc/Wishez_Group/group.go:447.2,455.21 7 1
github.com/desfpc/Wishez_Group/group.go:408.19,411.3 2 0
github.com/desfpc/Wishez_Group/group.go:417.12,419.3 1 0
github.com/desfpc/Wishez_Group/group.go:424.12,426.3 1 0
github.com/desfpc/Wishez_Group/group.go:431.12,433.3 1 0
github.com/desfpc/Wishez_Group/group.go:442.16,445.3 2 0
github.com/desfpc/Wishez_Group/group.go:467.95,474.19 5 1
github.com/desfpc/Wishez_Group/group.go:478.2,483.12 4 1
github.com/desfpc/Wishez_Group/group.go:488.2,494.36 3 1
github.com/desfpc/Wishez_Group/group.go:499.2,499.33 1 1
github.com/desfpc/Wishez_Group/group.go:513.2,513.21 1 1
github.com/desfpc/Wishez_Group/group.go:474.19,477.3 2 0
github.com/desfpc/Wishez_Group/group.go:483.12,485.3 1 0
github.com/desfpc/Wishez_Group/group.go:494.36,497.3 2 0
github.com/desfpc/Wishez_Group/group.go:499.33,503.3 2 1
github.com/desfpc/Wishez_Group/group.go:503.8,503.23 1 0
github.com/desfpc/Wishez_Group/group.go:503.23,507.3 2 0
github.com/desfpc/Wishez_Group/group.go:507.8,511.3 2 0
github.com/desfpc/Wishez_Group/group.go:524.97,531.17 5 1
github.com/desfpc/Wishez_Group/group.go:537.2,538.20 2 1
github.com/desfpc/Wishez_Group/group.go:544.2,555.16 7 1
github.com/desfpc/Wishez_Group/group.go:569.2,569.21 1 1
github.com/desfpc/Wishez_Group/group.go:531.17,534.3 2 0
github.com/desfpc/Wishez_Group/group.go:538.20,541.3 2 0
github.com/desfpc/Wishez_Group/group.go:555.16,560.3 3 0
github.com/desfpc/Wishez_Group/group.go:560.8,567.3 5 1
github.com/desfpc/Wishez_User/user.go:22.14,24.2 1 1
github.com/desfpc/Wishez_User/user.go:27.117,33.21 4 0
github.com/desfpc/Wishez_User/user.go:53.2,53.24 1 0
github.com/desfpc/Wishez_User/user.go:34.18,35.33 1 0
github.com/desfpc/Wishez_User/user.go:36.19,37.34 1 0
github.com/desfpc/Wishez_User/user.go:38.13,39.32 1 0
github.com/desfpc/Wishez_User/user.go:40.22,41.50 1 0
github.com/desfpc/Wishez_User/user.go:50.10,51.43 1 0
github.com/desfpc/Wishez_User/user.go:57.53,67.14 4 1
github.com/desfpc/Wishez_User/user.go:75.2,78.43 2 1
github.com/desfpc/Wishez_User/user.go:68.16,69.61 1 1
github.com/desfpc/Wishez_User/user.go:70.17,71.64 1 1
github.com/desfpc/Wishez_User/user.go:82.62,88.2 4 1
github.com/desfpc/Wishez_User/user.go:91.91,93.2 1 1
github.com/desfpc/Wishez_User/user.go:96.46,114.2 9 1
github.com/desfpc/Wishez_User/user.go:117.41,125.2 4 1
github.com/desfpc/Wishez_User/user.go:128.40,131.2 2 1
github.com/desfpc/Wishez_User/user.go:134.75,141.16 6 1
github.com/desfpc/Wishez_User/user.go:147.2,147.28 1 1
github.com/desfpc/Wishez_User/user.go:151.2,151.26 1 1
github.com/desfpc/Wishez_User/user.go:155.2,155.23 1 1
github.com/desfpc/Wishez_User/user.go:160.2,167.29 4 1
github.com/desfpc/Wishez_User/user.go:171.2,171.28 1 1
github.com/desfpc/Wishez_User/user.go:141.16,145.3 3 1
github.com/desfpc/Wishez_User/user.go:147.28,149.3 1 1
github.com/desfpc/Wishez_User/user.go:151.26,153.3 1 1
github.com/desfpc/Wishez_User/user.go:155.23,157.3 1 1
github.com/desfpc/Wishez_User/user.go:167.29,169.3 1 1
github.com/desfpc/Wishez_User/user.go:175.63,179.16 4 0
github.com/desfpc/Wishez_User/user.go:183.2,183.13 1 0
github.com/desfpc/Wishez_User/user.go:179.16,182.3 2 0
github.com/desfpc/Wishez_User/user.go:187.37,189.16 2 0
github.com/desfpc/Wishez_User/user.go:192.2,192.21 1 0
github.com/desfpc/Wishez_User/user.go:189.16,191.3 1 0
github.com/desfpc/Wishez_User/user.go:196.42,205.21 7 1
github.com/desfpc/Wishez_User/user.go:212.2,212.13 1 1
github.com/desfpc/Wishez_User/user.go:205.21,210.3 2 1
github.com/desfpc/Wishez_User/user.go:216.52,221.23 3 1
github.com/desfpc/Wishez_User/user.go:236.2,236.13 1 1
github.com/desfpc/Wishez_User/user.go:221.23,234.3 12 1
github.com/desfpc/Wishez_User/user.go:245.97,253.61 7 0
github.com/desfpc/Wishez_User/user.go:262.2,262.21 1 0
github.com/desfpc/Wishez_User/user.go:253.61,259.3 5 0
github.com/desfpc/Wishez_User/user.go:259.8,261.3 1 0
github.com/desfpc/Wishez_User/user.go:273.81,282.12 7 0
github.com/desfpc/Wishez_User/user.go:287.2,289.12 3 0
github.com/desfpc/Wishez_User/user.go:294.2,304.21 7 0
github.com/desfpc/Wishez_User/user.go:311.2,311.39 1 0
github.com/desfpc/Wishez_User/user.go:322.2,322.21 1 0
github.com/desfpc/Wishez_User/user.go:282.12,284.3 1 0
github.com/desfpc/Wishez_User/user.go:289.12,291.3 1 0
github.com/desfpc/Wishez_User/user.go:304.21,309.3 2 0
github.com/desfpc/Wishez_User/user.go:311.39,317.3 5 0
github.com/desfpc/Wishez_User/user.go:317.8,320.3 2 0
github.com/desfpc/Wishez_User/user.go:333.80,343.12 7 0
github.com/desfpc/Wishez_User/user.go:347.2,347.34 1 0
github.com/desfpc/Wishez_User/user.go:353.2,355.12 3 0
github.com/desfpc/Wishez_User/user.go:360.2,369.15 7 0
github.com/desfpc/Wishez_User/user.go:375.2,392.21 11 0
github.com/desfpc/Wishez_User/user.go:343.12,345.3 1 0
github.com/desfpc/Wishez_User/user.go:347.34,350.3 2 0
github.com/desfpc/Wishez_User/user.go:355.12,357.3 1 0
github.com/desfpc/Wishez_User/user.go:369.15,372.3 2 0
github.com/desfpc/Wishez_User/user.go:402.79,407.19 3 1
github.com/desfpc/Wishez_User/user.go:411.2,417.23 4 1
github.com/desfpc/Wishez_User/user.go:422.2,425.21 3 1
github.com/desfpc/Wishez_User/user.go:407.19,410.3 2 1
github.com/desfpc/Wishez_User/user.go:417.23,420.3 2 1
github.com/desfpc/Wishez_Helpers/helpers.go:15.26,16.16 1 1
github.com/desfpc/Wishez_Helpers/helpers.go:16.16,17.13 1 1
github.com/desfpc/Wishez_Helpers/helpers.go:22.51,23.16 1 1
github.com/desfpc/Wishez_Helpers/helpers.go:26.2,26.19 1 1
github.com/desfpc/Wishez_Helpers/helpers.go:23.16,25.3 1 1
github.com/desfpc/Wishez_Helpers/helpers.go:30.53,31.16 1 1
github.com/desfpc/Wishez_Helpers/helpers.go:34.2,34.41 1 1
github.com/desfpc/Wishez_Helpers/helpers.go:31.16,33.3 1 1
github.com/desfpc/Wishez_Helpers/helpers.go:38.83,41.21 3 1
github.com/desfpc/Wishez_Helpers/helpers.go:48.2,48.21 1 1
github.com/desfpc/Wishez_Helpers/helpers.go:41.21,44.3 2 1
github.com/desfpc/Wishez_Helpers/helpers.go:44.7,44.24 1 1
github.com/desfpc/Wishez_Helpers/helpers.go:44.24,47.3 2 1
github.com/desfpc/Wishez_Helpers/helpers.go:52.47,56.2 3 1
github.com/desfpc/Wishez_Helpers/helpers.go:59.34,60.32 1 1
github.com/desfpc/Wishez_Helpers/helpers.go:63.2,63.32 1 1
github.com/desfpc/Wishez_Helpers/helpers.go:66.2,68.32 3 1
github.com/desfpc/Wishez_Helpers/helpers.go:71.2,71.13 1 1
github.com/desfpc/Wishez_Helpers/helpers.go:60.32,62.3 1 1
github.com/desfpc/Wishez_Helpers/helpers.go:63.32,65.3 1 1
github.com/desfpc/Wishez_Helpers/helpers.go:68.32,70.3 1 1
github.com/desfpc/Wishez_Helpers/helpers.go:75.32,78.32 3 1
github.com/desfpc/Wishez_Helpers/helpers.go:113.2,113.21 1 1
github.com/desfpc/Wishez_Helpers/helpers.go:78.32,83.12 3 1
github.com/desfpc/Wishez_Helpers/helpers.go:106.3,106.18 1 1
github.com/desfpc/Wishez_Helpers/helpers.go:84.10,86.9 2 1
github.com/desfpc/Wishez_Helpers/helpers.go:87.13,89.9 2 1
github.com/desfpc/Wishez_Helpers/helpers.go:90.13,92.9 2 1
github.com/desfpc/Wishez_Helpers/helpers.go:93.13,95.9 2 1
github.com/desfpc/Wishez_Helpers/helpers.go:96.13,98.9 2 1
github.com/desfpc/Wishez_Helpers/helpers.go:99.12,101.9 2 1
github.com/desfpc/Wishez_Helpers/helpers.go:102.15,103.16 1 1
github.com/desfpc/Wishez_Helpers/helpers.go:106.18,108.4 1 1
github.com/desfpc/Wishez_Helpers/helpers.go:108.9,110.4 1 1
github.com/desfpc/Wishez_Helpers/helpers.go:117.121,119.13 2 0
github.com/desfpc/Wishez_Helpers/helpers.go:123.2,124.30 2 0
github.com/desfpc/Wishez_Helpers/helpers.go:119.13,122.3 2 0
github.com/desfpc/Wishez_BackEnd/main.go:17.62,19.16 2 0
github.com/desfpc/Wishez_BackEnd/main.go:26.2,26.21 1 0
github.com/desfpc/Wishez_BackEnd/main.go:19.16,23.3 3 0
github.com/desfpc/Wishez_BackEnd/main.go:30.75,34.16 4 0
github.com/desfpc/Wishez_BackEnd/main.go:40.2,40.12 1 0
github.com/desfpc/Wishez_BackEnd/main.go:34.16,37.3 2 0
github.com/desfpc/Wishez_BackEnd/main.go:44.117,53.2 5 0
github.com/desfpc/Wishez_BackEnd/main.go:56.57,66.23 7 0
github.com/desfpc/Wishez_BackEnd/main.go:71.2,72.35 2 0
github.com/desfpc/Wishez_BackEnd/main.go:78.2,82.14 4 0
github.com/desfpc/Wishez_BackEnd/main.go:98.2,98.21 1 0
github.com/desfpc/Wishez_BackEnd/main.go:104.2,104.36 1 0
github.com/desfpc/Wishez_BackEnd/main.go:66.23,68.3 1 0
github.com/desfpc/Wishez_BackEnd/main.go:72.35,73.125 1 0
github.com/desfpc/Wishez_BackEnd/main.go:73.125,75.4 1 0
github.com/desfpc/Wishez_BackEnd/main.go:82.14,85.3 1 0
github.com/desfpc/Wishez_BackEnd/main.go:85.8,87.22 1 0
github.com/desfpc/Wishez_BackEnd/main.go:88.15,89.61 1 0
github.com/desfpc/Wishez_BackEnd/main.go:90.16,91.48 1 0
github.com/desfpc/Wishez_BackEnd/main.go:92.11,93.47 1 0
github.com/desfpc/Wishez_BackEnd/main.go:98.21,100.18 2 0
github.com/desfpc/Wishez_BackEnd/main.go:100.18,102.4 1 0
github.com/desfpc/Wishez_BackEnd/main.go:108.13,113.2 4 0
